{"D:\\Project Binar\\BINAR - SIB\\Challenge5\\app.js": {"path":"D:\\Project Binar\\BINAR - SIB\\Challenge5\\app.js","statementMap":{"0":{"start":{"line":1,"column":0},"end":{"line":1,"column":27}},"1":{"start":{"line":2,"column":16},"end":{"line":2,"column":34}},"2":{"start":{"line":3,"column":35},"end":{"line":3,"column":60}},"3":{"start":{"line":4,"column":19},"end":{"line":4,"column":49}},"4":{"start":{"line":5,"column":19},"end":{"line":5,"column":49}},"5":{"start":{"line":6,"column":22},"end":{"line":6,"column":55}},"6":{"start":{"line":7,"column":26},"end":{"line":7,"column":63}},"7":{"start":{"line":8,"column":13},"end":{"line":8,"column":28}},"8":{"start":{"line":9,"column":12},"end":{"line":9,"column":21}},"9":{"start":{"line":11,"column":0},"end":{"line":11,"column":16}},"10":{"start":{"line":12,"column":0},"end":{"line":12,"column":24}},"11":{"start":{"line":14,"column":0},"end":{"line":14,"column":68}},"12":{"start":{"line":15,"column":0},"end":{"line":15,"column":33}},"13":{"start":{"line":16,"column":0},"end":{"line":16,"column":28}},"14":{"start":{"line":17,"column":0},"end":{"line":17,"column":31}},"15":{"start":{"line":18,"column":0},"end":{"line":18,"column":35}},"16":{"start":{"line":20,"column":0},"end":{"line":23,"column":3}},"17":{"start":{"line":21,"column":4},"end":{"line":21,"column":29}},"18":{"start":{"line":22,"column":4},"end":{"line":22,"column":70}},"19":{"start":{"line":25,"column":0},"end":{"line":25,"column":21}}},"fnMap":{"0":{"name":"(anonymous_0)","decl":{"start":{"line":20,"column":8},"end":{"line":20,"column":9}},"loc":{"start":{"line":20,"column":33},"end":{"line":23,"column":1}},"line":20}},"branchMap":{},"s":{"0":1,"1":1,"2":1,"3":1,"4":1,"5":1,"6":1,"7":1,"8":1,"9":1,"10":1,"11":1,"12":1,"13":1,"14":1,"15":1,"16":1,"17":0,"18":0,"19":1},"f":{"0":0},"b":{},"_coverageSchema":"1a1c01bbd47fc00a2c39e90264f33305004495a9","hash":"739217c337abfc3085eb2d335fe05c4e2dbcb5e8"}
,"D:\\Project Binar\\BINAR - SIB\\Challenge5\\controllers\\accountController.js": {"path":"D:\\Project Binar\\BINAR - SIB\\Challenge5\\controllers\\accountController.js","statementMap":{"0":{"start":{"line":1,"column":25},"end":{"line":1,"column":50}},"1":{"start":{"line":2,"column":15},"end":{"line":2,"column":33}},"2":{"start":{"line":5,"column":0},"end":{"line":31,"column":2}},"3":{"start":{"line":6,"column":47},"end":{"line":6,"column":55}},"4":{"start":{"line":8,"column":4},"end":{"line":10,"column":5}},"5":{"start":{"line":9,"column":8},"end":{"line":9,"column":94}},"6":{"start":{"line":12,"column":4},"end":{"line":30,"column":5}},"7":{"start":{"line":13,"column":21},"end":{"line":13,"column":84}},"8":{"start":{"line":14,"column":8},"end":{"line":16,"column":9}},"9":{"start":{"line":15,"column":12},"end":{"line":15,"column":77}},"10":{"start":{"line":18,"column":24},"end":{"line":26,"column":10}},"11":{"start":{"line":27,"column":8},"end":{"line":27,"column":38}},"12":{"start":{"line":29,"column":8},"end":{"line":29,"column":105}},"13":{"start":{"line":35,"column":0},"end":{"line":42,"column":2}},"14":{"start":{"line":36,"column":4},"end":{"line":41,"column":5}},"15":{"start":{"line":37,"column":25},"end":{"line":37,"column":60}},"16":{"start":{"line":38,"column":8},"end":{"line":38,"column":39}},"17":{"start":{"line":40,"column":8},"end":{"line":40,"column":102}},"18":{"start":{"line":45,"column":0},"end":{"line":70,"column":2}},"19":{"start":{"line":46,"column":19},"end":{"line":46,"column":29}},"20":{"start":{"line":48,"column":4},"end":{"line":50,"column":5}},"21":{"start":{"line":49,"column":8},"end":{"line":49,"column":93}},"22":{"start":{"line":52,"column":4},"end":{"line":69,"column":5}},"23":{"start":{"line":53,"column":24},"end":{"line":60,"column":10}},"24":{"start":{"line":62,"column":8},"end":{"line":64,"column":9}},"25":{"start":{"line":63,"column":12},"end":{"line":63,"column":77}},"26":{"start":{"line":66,"column":8},"end":{"line":66,"column":38}},"27":{"start":{"line":68,"column":8},"end":{"line":68,"column":87}},"28":{"start":{"line":73,"column":0},"end":{"line":113,"column":2}},"29":{"start":{"line":74,"column":47},"end":{"line":74,"column":55}},"30":{"start":{"line":75,"column":19},"end":{"line":75,"column":29}},"31":{"start":{"line":77,"column":4},"end":{"line":79,"column":5}},"32":{"start":{"line":78,"column":8},"end":{"line":78,"column":93}},"33":{"start":{"line":81,"column":4},"end":{"line":112,"column":5}},"34":{"start":{"line":82,"column":30},"end":{"line":84,"column":10}},"35":{"start":{"line":86,"column":8},"end":{"line":88,"column":9}},"36":{"start":{"line":87,"column":12},"end":{"line":87,"column":77}},"37":{"start":{"line":90,"column":27},"end":{"line":92,"column":10}},"38":{"start":{"line":94,"column":8},"end":{"line":96,"column":9}},"39":{"start":{"line":95,"column":12},"end":{"line":95,"column":77}},"40":{"start":{"line":98,"column":24},"end":{"line":107,"column":10}},"41":{"start":{"line":109,"column":8},"end":{"line":109,"column":38}},"42":{"start":{"line":111,"column":8},"end":{"line":111,"column":90}},"43":{"start":{"line":116,"column":0},"end":{"line":156,"column":2}},"44":{"start":{"line":117,"column":19},"end":{"line":117,"column":29}},"45":{"start":{"line":119,"column":4},"end":{"line":121,"column":5}},"46":{"start":{"line":120,"column":8},"end":{"line":120,"column":93}},"47":{"start":{"line":123,"column":4},"end":{"line":155,"column":5}},"48":{"start":{"line":124,"column":24},"end":{"line":130,"column":10}},"49":{"start":{"line":132,"column":8},"end":{"line":134,"column":9}},"50":{"start":{"line":133,"column":12},"end":{"line":133,"column":77}},"51":{"start":{"line":136,"column":8},"end":{"line":140,"column":11}},"52":{"start":{"line":142,"column":8},"end":{"line":146,"column":11}},"53":{"start":{"line":148,"column":8},"end":{"line":150,"column":11}},"54":{"start":{"line":152,"column":8},"end":{"line":152,"column":67}},"55":{"start":{"line":154,"column":8},"end":{"line":154,"column":88}}},"fnMap":{"0":{"name":"(anonymous_0)","decl":{"start":{"line":5,"column":24},"end":{"line":5,"column":25}},"loc":{"start":{"line":5,"column":44},"end":{"line":31,"column":1}},"line":5},"1":{"name":"(anonymous_1)","decl":{"start":{"line":35,"column":25},"end":{"line":35,"column":26}},"loc":{"start":{"line":35,"column":45},"end":{"line":42,"column":1}},"line":35},"2":{"name":"(anonymous_2)","decl":{"start":{"line":45,"column":25},"end":{"line":45,"column":26}},"loc":{"start":{"line":45,"column":45},"end":{"line":70,"column":1}},"line":45},"3":{"name":"(anonymous_3)","decl":{"start":{"line":73,"column":24},"end":{"line":73,"column":25}},"loc":{"start":{"line":73,"column":44},"end":{"line":113,"column":1}},"line":73},"4":{"name":"(anonymous_4)","decl":{"start":{"line":116,"column":24},"end":{"line":116,"column":25}},"loc":{"start":{"line":116,"column":44},"end":{"line":156,"column":1}},"line":116}},"branchMap":{"0":{"loc":{"start":{"line":8,"column":4},"end":{"line":10,"column":5}},"type":"if","locations":[{"start":{"line":8,"column":4},"end":{"line":10,"column":5}},{"start":{},"end":{}}],"line":8},"1":{"loc":{"start":{"line":8,"column":8},"end":{"line":8,"column":58}},"type":"binary-expr","locations":[{"start":{"line":8,"column":8},"end":{"line":8,"column":15}},{"start":{"line":8,"column":19},"end":{"line":8,"column":33}},{"start":{"line":8,"column":37},"end":{"line":8,"column":58}}],"line":8},"2":{"loc":{"start":{"line":14,"column":8},"end":{"line":16,"column":9}},"type":"if","locations":[{"start":{"line":14,"column":8},"end":{"line":16,"column":9}},{"start":{},"end":{}}],"line":14},"3":{"loc":{"start":{"line":48,"column":4},"end":{"line":50,"column":5}},"type":"if","locations":[{"start":{"line":48,"column":4},"end":{"line":50,"column":5}},{"start":{},"end":{}}],"line":48},"4":{"loc":{"start":{"line":62,"column":8},"end":{"line":64,"column":9}},"type":"if","locations":[{"start":{"line":62,"column":8},"end":{"line":64,"column":9}},{"start":{},"end":{}}],"line":62},"5":{"loc":{"start":{"line":77,"column":4},"end":{"line":79,"column":5}},"type":"if","locations":[{"start":{"line":77,"column":4},"end":{"line":79,"column":5}},{"start":{},"end":{}}],"line":77},"6":{"loc":{"start":{"line":86,"column":8},"end":{"line":88,"column":9}},"type":"if","locations":[{"start":{"line":86,"column":8},"end":{"line":88,"column":9}},{"start":{},"end":{}}],"line":86},"7":{"loc":{"start":{"line":94,"column":8},"end":{"line":96,"column":9}},"type":"if","locations":[{"start":{"line":94,"column":8},"end":{"line":96,"column":9}},{"start":{},"end":{}}],"line":94},"8":{"loc":{"start":{"line":119,"column":4},"end":{"line":121,"column":5}},"type":"if","locations":[{"start":{"line":119,"column":4},"end":{"line":121,"column":5}},{"start":{},"end":{}}],"line":119},"9":{"loc":{"start":{"line":132,"column":8},"end":{"line":134,"column":9}},"type":"if","locations":[{"start":{"line":132,"column":8},"end":{"line":134,"column":9}},{"start":{},"end":{}}],"line":132}},"s":{"0":1,"1":1,"2":1,"3":3,"4":3,"5":1,"6":2,"7":2,"8":2,"9":1,"10":1,"11":1,"12":0,"13":1,"14":1,"15":1,"16":1,"17":0,"18":1,"19":3,"20":3,"21":1,"22":2,"23":2,"24":2,"25":1,"26":1,"27":0,"28":1,"29":3,"30":3,"31":3,"32":0,"33":3,"34":3,"35":3,"36":1,"37":2,"38":2,"39":1,"40":1,"41":1,"42":0,"43":1,"44":2,"45":2,"46":0,"47":2,"48":2,"49":2,"50":1,"51":1,"52":1,"53":1,"54":1,"55":0},"f":{"0":3,"1":1,"2":3,"3":3,"4":2},"b":{"0":[1,2],"1":[3,2,2],"2":[1,1],"3":[1,2],"4":[1,1],"5":[0,3],"6":[1,2],"7":[1,1],"8":[0,2],"9":[1,1]},"_coverageSchema":"1a1c01bbd47fc00a2c39e90264f33305004495a9","hash":"c0218a7877c0dedb31ef8786379cd1388f5a1495"}
,"D:\\Project Binar\\BINAR - SIB\\Challenge5\\controllers\\authController.js": {"path":"D:\\Project Binar\\BINAR - SIB\\Challenge5\\controllers\\authController.js","statementMap":{"0":{"start":{"line":1,"column":25},"end":{"line":1,"column":50}},"1":{"start":{"line":2,"column":15},"end":{"line":2,"column":32}},"2":{"start":{"line":3,"column":12},"end":{"line":3,"column":35}},"3":{"start":{"line":4,"column":15},"end":{"line":4,"column":33}},"4":{"start":{"line":5,"column":19},"end":{"line":5,"column":41}},"5":{"start":{"line":8,"column":21},"end":{"line":39,"column":1}},"6":{"start":{"line":9,"column":38},"end":{"line":9,"column":46}},"7":{"start":{"line":10,"column":4},"end":{"line":10,"column":80}},"8":{"start":{"line":12,"column":4},"end":{"line":14,"column":5}},"9":{"start":{"line":13,"column":8},"end":{"line":13,"column":90}},"10":{"start":{"line":16,"column":4},"end":{"line":38,"column":5}},"11":{"start":{"line":17,"column":29},"end":{"line":17,"column":79}},"12":{"start":{"line":18,"column":8},"end":{"line":21,"column":9}},"13":{"start":{"line":19,"column":12},"end":{"line":19,"column":90}},"14":{"start":{"line":20,"column":12},"end":{"line":20,"column":110}},"15":{"start":{"line":23,"column":31},"end":{"line":23,"column":62}},"16":{"start":{"line":25,"column":21},"end":{"line":31,"column":10}},"17":{"start":{"line":33,"column":8},"end":{"line":33,"column":66}},"18":{"start":{"line":34,"column":8},"end":{"line":34,"column":79}},"19":{"start":{"line":36,"column":8},"end":{"line":36,"column":55}},"20":{"start":{"line":37,"column":8},"end":{"line":37,"column":111}},"21":{"start":{"line":41,"column":18},"end":{"line":66,"column":1}},"22":{"start":{"line":42,"column":32},"end":{"line":42,"column":40}},"23":{"start":{"line":43,"column":4},"end":{"line":43,"column":61}},"24":{"start":{"line":45,"column":4},"end":{"line":65,"column":5}},"25":{"start":{"line":46,"column":21},"end":{"line":46,"column":71}},"26":{"start":{"line":48,"column":8},"end":{"line":51,"column":9}},"27":{"start":{"line":49,"column":12},"end":{"line":49,"column":56}},"28":{"start":{"line":50,"column":12},"end":{"line":50,"column":82}},"29":{"start":{"line":53,"column":24},"end":{"line":53,"column":69}},"30":{"start":{"line":54,"column":8},"end":{"line":57,"column":9}},"31":{"start":{"line":55,"column":12},"end":{"line":55,"column":42}},"32":{"start":{"line":56,"column":12},"end":{"line":56,"column":82}},"33":{"start":{"line":59,"column":22},"end":{"line":59,"column":92}},"34":{"start":{"line":60,"column":8},"end":{"line":60,"column":68}},"35":{"start":{"line":61,"column":8},"end":{"line":61,"column":67}},"36":{"start":{"line":63,"column":8},"end":{"line":63,"column":50}},"37":{"start":{"line":64,"column":8},"end":{"line":64,"column":98}},"38":{"start":{"line":68,"column":25},"end":{"line":75,"column":1}},"39":{"start":{"line":69,"column":4},"end":{"line":74,"column":5}},"40":{"start":{"line":70,"column":8},"end":{"line":70,"column":66}},"41":{"start":{"line":71,"column":8},"end":{"line":71,"column":93}},"42":{"start":{"line":73,"column":8},"end":{"line":73,"column":70}},"43":{"start":{"line":77,"column":0},"end":{"line":81,"column":2}}},"fnMap":{"0":{"name":"(anonymous_0)","decl":{"start":{"line":8,"column":21},"end":{"line":8,"column":22}},"loc":{"start":{"line":8,"column":41},"end":{"line":39,"column":1}},"line":8},"1":{"name":"(anonymous_1)","decl":{"start":{"line":41,"column":18},"end":{"line":41,"column":19}},"loc":{"start":{"line":41,"column":38},"end":{"line":66,"column":1}},"line":41},"2":{"name":"(anonymous_2)","decl":{"start":{"line":68,"column":25},"end":{"line":68,"column":26}},"loc":{"start":{"line":68,"column":39},"end":{"line":75,"column":1}},"line":68}},"branchMap":{"0":{"loc":{"start":{"line":12,"column":4},"end":{"line":14,"column":5}},"type":"if","locations":[{"start":{"line":12,"column":4},"end":{"line":14,"column":5}},{"start":{},"end":{}}],"line":12},"1":{"loc":{"start":{"line":12,"column":8},"end":{"line":12,"column":36}},"type":"binary-expr","locations":[{"start":{"line":12,"column":8},"end":{"line":12,"column":13}},{"start":{"line":12,"column":17},"end":{"line":12,"column":23}},{"start":{"line":12,"column":27},"end":{"line":12,"column":36}}],"line":12},"2":{"loc":{"start":{"line":18,"column":8},"end":{"line":21,"column":9}},"type":"if","locations":[{"start":{"line":18,"column":8},"end":{"line":21,"column":9}},{"start":{},"end":{}}],"line":18},"3":{"loc":{"start":{"line":48,"column":8},"end":{"line":51,"column":9}},"type":"if","locations":[{"start":{"line":48,"column":8},"end":{"line":51,"column":9}},{"start":{},"end":{}}],"line":48},"4":{"loc":{"start":{"line":54,"column":8},"end":{"line":57,"column":9}},"type":"if","locations":[{"start":{"line":54,"column":8},"end":{"line":57,"column":9}},{"start":{},"end":{}}],"line":54},"5":{"loc":{"start":{"line":69,"column":4},"end":{"line":74,"column":5}},"type":"if","locations":[{"start":{"line":69,"column":4},"end":{"line":74,"column":5}},{"start":{"line":72,"column":11},"end":{"line":74,"column":5}}],"line":69}},"s":{"0":1,"1":1,"2":1,"3":1,"4":1,"5":1,"6":0,"7":0,"8":0,"9":0,"10":0,"11":0,"12":0,"13":0,"14":0,"15":0,"16":0,"17":0,"18":0,"19":0,"20":0,"21":1,"22":0,"23":0,"24":0,"25":0,"26":0,"27":0,"28":0,"29":0,"30":0,"31":0,"32":0,"33":0,"34":0,"35":0,"36":0,"37":0,"38":1,"39":0,"40":0,"41":0,"42":0,"43":1},"f":{"0":0,"1":0,"2":0},"b":{"0":[0,0],"1":[0,0,0],"2":[0,0],"3":[0,0],"4":[0,0],"5":[0,0]},"_coverageSchema":"1a1c01bbd47fc00a2c39e90264f33305004495a9","hash":"9c3c24d2ea40c7c4af67c0ad3cf81231d462b8c6"}
,"D:\\Project Binar\\BINAR - SIB\\Challenge5\\controllers\\transactionController.js": {"path":"D:\\Project Binar\\BINAR - SIB\\Challenge5\\controllers\\transactionController.js","statementMap":{"0":{"start":{"line":1,"column":25},"end":{"line":1,"column":50}},"1":{"start":{"line":2,"column":15},"end":{"line":2,"column":33}},"2":{"start":{"line":5,"column":0},"end":{"line":56,"column":2}},"3":{"start":{"line":6,"column":45},"end":{"line":6,"column":53}},"4":{"start":{"line":8,"column":4},"end":{"line":55,"column":5}},"5":{"start":{"line":9,"column":30},"end":{"line":11,"column":10}},"6":{"start":{"line":13,"column":32},"end":{"line":15,"column":10}},"7":{"start":{"line":17,"column":8},"end":{"line":19,"column":9}},"8":{"start":{"line":18,"column":12},"end":{"line":18,"column":86}},"9":{"start":{"line":21,"column":8},"end":{"line":23,"column":9}},"10":{"start":{"line":22,"column":12},"end":{"line":22,"column":86}},"11":{"start":{"line":25,"column":8},"end":{"line":27,"column":9}},"12":{"start":{"line":26,"column":12},"end":{"line":26,"column":90}},"13":{"start":{"line":29,"column":8},"end":{"line":31,"column":9}},"14":{"start":{"line":30,"column":12},"end":{"line":30,"column":83}},"15":{"start":{"line":33,"column":28},"end":{"line":39,"column":10}},"16":{"start":{"line":41,"column":8},"end":{"line":44,"column":11}},"17":{"start":{"line":46,"column":8},"end":{"line":49,"column":11}},"18":{"start":{"line":51,"column":8},"end":{"line":51,"column":42}},"19":{"start":{"line":53,"column":8},"end":{"line":53,"column":29}},"20":{"start":{"line":54,"column":8},"end":{"line":54,"column":89}},"21":{"start":{"line":59,"column":0},"end":{"line":69,"column":2}},"22":{"start":{"line":60,"column":4},"end":{"line":68,"column":5}},"23":{"start":{"line":61,"column":29},"end":{"line":63,"column":10}},"24":{"start":{"line":64,"column":8},"end":{"line":64,"column":43}},"25":{"start":{"line":66,"column":8},"end":{"line":66,"column":29}},"26":{"start":{"line":67,"column":8},"end":{"line":67,"column":93}},"27":{"start":{"line":72,"column":0},"end":{"line":125,"column":2}},"28":{"start":{"line":73,"column":30},"end":{"line":73,"column":40}},"29":{"start":{"line":75,"column":4},"end":{"line":77,"column":5}},"30":{"start":{"line":76,"column":8},"end":{"line":76,"column":94}},"31":{"start":{"line":79,"column":4},"end":{"line":124,"column":5}},"32":{"start":{"line":80,"column":28},"end":{"line":98,"column":10}},"33":{"start":{"line":100,"column":8},"end":{"line":102,"column":9}},"34":{"start":{"line":101,"column":12},"end":{"line":101,"column":82}},"35":{"start":{"line":104,"column":25},"end":{"line":118,"column":9}},"36":{"start":{"line":120,"column":8},"end":{"line":120,"column":39}},"37":{"start":{"line":122,"column":8},"end":{"line":122,"column":29}},"38":{"start":{"line":123,"column":8},"end":{"line":123,"column":90}}},"fnMap":{"0":{"name":"(anonymous_0)","decl":{"start":{"line":5,"column":28},"end":{"line":5,"column":29}},"loc":{"start":{"line":5,"column":48},"end":{"line":56,"column":1}},"line":5},"1":{"name":"(anonymous_1)","decl":{"start":{"line":59,"column":29},"end":{"line":59,"column":30}},"loc":{"start":{"line":59,"column":49},"end":{"line":69,"column":1}},"line":59},"2":{"name":"(anonymous_2)","decl":{"start":{"line":72,"column":29},"end":{"line":72,"column":30}},"loc":{"start":{"line":72,"column":49},"end":{"line":125,"column":1}},"line":72}},"branchMap":{"0":{"loc":{"start":{"line":17,"column":8},"end":{"line":19,"column":9}},"type":"if","locations":[{"start":{"line":17,"column":8},"end":{"line":19,"column":9}},{"start":{},"end":{}}],"line":17},"1":{"loc":{"start":{"line":21,"column":8},"end":{"line":23,"column":9}},"type":"if","locations":[{"start":{"line":21,"column":8},"end":{"line":23,"column":9}},{"start":{},"end":{}}],"line":21},"2":{"loc":{"start":{"line":25,"column":8},"end":{"line":27,"column":9}},"type":"if","locations":[{"start":{"line":25,"column":8},"end":{"line":27,"column":9}},{"start":{},"end":{}}],"line":25},"3":{"loc":{"start":{"line":29,"column":8},"end":{"line":31,"column":9}},"type":"if","locations":[{"start":{"line":29,"column":8},"end":{"line":31,"column":9}},{"start":{},"end":{}}],"line":29},"4":{"loc":{"start":{"line":75,"column":4},"end":{"line":77,"column":5}},"type":"if","locations":[{"start":{"line":75,"column":4},"end":{"line":77,"column":5}},{"start":{},"end":{}}],"line":75},"5":{"loc":{"start":{"line":100,"column":8},"end":{"line":102,"column":9}},"type":"if","locations":[{"start":{"line":100,"column":8},"end":{"line":102,"column":9}},{"start":{},"end":{}}],"line":100}},"s":{"0":1,"1":1,"2":1,"3":4,"4":4,"5":4,"6":4,"7":4,"8":1,"9":3,"10":1,"11":2,"12":1,"13":1,"14":0,"15":1,"16":1,"17":1,"18":1,"19":0,"20":0,"21":1,"22":1,"23":1,"24":1,"25":0,"26":0,"27":1,"28":3,"29":3,"30":1,"31":2,"32":2,"33":2,"34":1,"35":1,"36":1,"37":0,"38":0},"f":{"0":4,"1":1,"2":3},"b":{"0":[1,3],"1":[1,2],"2":[1,1],"3":[0,1],"4":[1,2],"5":[1,1]},"_coverageSchema":"1a1c01bbd47fc00a2c39e90264f33305004495a9","hash":"82d42e63c41d3eef4ba8a74863e8b1d21700e24c"}
,"D:\\Project Binar\\BINAR - SIB\\Challenge5\\controllers\\userController.js": {"path":"D:\\Project Binar\\BINAR - SIB\\Challenge5\\controllers\\userController.js","statementMap":{"0":{"start":{"line":1,"column":25},"end":{"line":1,"column":50}},"1":{"start":{"line":2,"column":15},"end":{"line":2,"column":32}},"2":{"start":{"line":3,"column":12},"end":{"line":3,"column":35}},"3":{"start":{"line":4,"column":15},"end":{"line":4,"column":33}},"4":{"start":{"line":5,"column":19},"end":{"line":5,"column":41}},"5":{"start":{"line":8,"column":0},"end":{"line":22,"column":2}},"6":{"start":{"line":9,"column":18},"end":{"line":9,"column":61}},"7":{"start":{"line":11,"column":4},"end":{"line":13,"column":5}},"8":{"start":{"line":12,"column":8},"end":{"line":12,"column":74}},"9":{"start":{"line":14,"column":4},"end":{"line":21,"column":7}},"10":{"start":{"line":15,"column":8},"end":{"line":18,"column":9}},"11":{"start":{"line":16,"column":12},"end":{"line":16,"column":59}},"12":{"start":{"line":17,"column":12},"end":{"line":17,"column":74}},"13":{"start":{"line":20,"column":8},"end":{"line":20,"column":78}},"14":{"start":{"line":25,"column":0},"end":{"line":58,"column":2}},"15":{"start":{"line":26,"column":43},"end":{"line":26,"column":51}},"16":{"start":{"line":28,"column":4},"end":{"line":30,"column":5}},"17":{"start":{"line":29,"column":8},"end":{"line":29,"column":90}},"18":{"start":{"line":32,"column":4},"end":{"line":57,"column":5}},"19":{"start":{"line":33,"column":29},"end":{"line":35,"column":10}},"20":{"start":{"line":37,"column":8},"end":{"line":39,"column":9}},"21":{"start":{"line":38,"column":12},"end":{"line":38,"column":107}},"22":{"start":{"line":41,"column":31},"end":{"line":41,"column":62}},"23":{"start":{"line":43,"column":21},"end":{"line":52,"column":10}},"24":{"start":{"line":53,"column":8},"end":{"line":53,"column":35}},"25":{"start":{"line":55,"column":8},"end":{"line":55,"column":61}},"26":{"start":{"line":56,"column":8},"end":{"line":56,"column":89}},"27":{"start":{"line":61,"column":0},"end":{"line":71,"column":2}},"28":{"start":{"line":62,"column":4},"end":{"line":70,"column":5}},"29":{"start":{"line":63,"column":22},"end":{"line":65,"column":10}},"30":{"start":{"line":66,"column":8},"end":{"line":66,"column":36}},"31":{"start":{"line":68,"column":8},"end":{"line":68,"column":71}},"32":{"start":{"line":69,"column":8},"end":{"line":69,"column":63}},"33":{"start":{"line":74,"column":0},"end":{"line":96,"column":2}},"34":{"start":{"line":75,"column":23},"end":{"line":75,"column":33}},"35":{"start":{"line":77,"column":4},"end":{"line":79,"column":5}},"36":{"start":{"line":78,"column":8},"end":{"line":78,"column":93}},"37":{"start":{"line":81,"column":4},"end":{"line":95,"column":5}},"38":{"start":{"line":82,"column":21},"end":{"line":85,"column":10}},"39":{"start":{"line":87,"column":8},"end":{"line":89,"column":9}},"40":{"start":{"line":88,"column":12},"end":{"line":88,"column":82}},"41":{"start":{"line":91,"column":8},"end":{"line":91,"column":35}},"42":{"start":{"line":93,"column":8},"end":{"line":93,"column":80}},"43":{"start":{"line":94,"column":8},"end":{"line":94,"column":109}},"44":{"start":{"line":99,"column":0},"end":{"line":153,"column":2}},"45":{"start":{"line":100,"column":23},"end":{"line":100,"column":33}},"46":{"start":{"line":102,"column":4},"end":{"line":104,"column":5}},"47":{"start":{"line":103,"column":8},"end":{"line":103,"column":93}},"48":{"start":{"line":106,"column":43},"end":{"line":106,"column":51}},"49":{"start":{"line":108,"column":4},"end":{"line":110,"column":5}},"50":{"start":{"line":109,"column":8},"end":{"line":109,"column":79}},"51":{"start":{"line":112,"column":4},"end":{"line":152,"column":5}},"52":{"start":{"line":113,"column":29},"end":{"line":116,"column":10}},"53":{"start":{"line":118,"column":8},"end":{"line":120,"column":9}},"54":{"start":{"line":119,"column":12},"end":{"line":119,"column":82}},"55":{"start":{"line":122,"column":29},"end":{"line":125,"column":9}},"56":{"start":{"line":127,"column":8},"end":{"line":133,"column":9}},"57":{"start":{"line":128,"column":12},"end":{"line":132,"column":14}},"58":{"start":{"line":135,"column":8},"end":{"line":137,"column":9}},"59":{"start":{"line":136,"column":12},"end":{"line":136,"column":68}},"60":{"start":{"line":139,"column":21},"end":{"line":143,"column":10}},"61":{"start":{"line":145,"column":8},"end":{"line":145,"column":87}},"62":{"start":{"line":147,"column":8},"end":{"line":147,"column":65}},"63":{"start":{"line":148,"column":8},"end":{"line":150,"column":9}},"64":{"start":{"line":149,"column":12},"end":{"line":149,"column":82}},"65":{"start":{"line":151,"column":8},"end":{"line":151,"column":103}},"66":{"start":{"line":157,"column":0},"end":{"line":192,"column":2}},"67":{"start":{"line":158,"column":23},"end":{"line":158,"column":33}},"68":{"start":{"line":160,"column":4},"end":{"line":162,"column":5}},"69":{"start":{"line":161,"column":8},"end":{"line":161,"column":93}},"70":{"start":{"line":164,"column":4},"end":{"line":191,"column":5}},"71":{"start":{"line":165,"column":21},"end":{"line":168,"column":10}},"72":{"start":{"line":170,"column":8},"end":{"line":172,"column":9}},"73":{"start":{"line":171,"column":12},"end":{"line":171,"column":82}},"74":{"start":{"line":174,"column":8},"end":{"line":178,"column":9}},"75":{"start":{"line":175,"column":12},"end":{"line":177,"column":15}},"76":{"start":{"line":180,"column":8},"end":{"line":182,"column":11}},"77":{"start":{"line":184,"column":8},"end":{"line":184,"column":84}},"78":{"start":{"line":186,"column":8},"end":{"line":186,"column":63}},"79":{"start":{"line":187,"column":8},"end":{"line":189,"column":9}},"80":{"start":{"line":188,"column":12},"end":{"line":188,"column":82}},"81":{"start":{"line":190,"column":8},"end":{"line":190,"column":101}}},"fnMap":{"0":{"name":"(anonymous_0)","decl":{"start":{"line":8,"column":23},"end":{"line":8,"column":24}},"loc":{"start":{"line":8,"column":37},"end":{"line":22,"column":1}},"line":8},"1":{"name":"(anonymous_1)","decl":{"start":{"line":14,"column":34},"end":{"line":14,"column":35}},"loc":{"start":{"line":14,"column":52},"end":{"line":21,"column":5}},"line":14},"2":{"name":"(anonymous_2)","decl":{"start":{"line":25,"column":21},"end":{"line":25,"column":22}},"loc":{"start":{"line":25,"column":41},"end":{"line":58,"column":1}},"line":25},"3":{"name":"(anonymous_3)","decl":{"start":{"line":61,"column":22},"end":{"line":61,"column":23}},"loc":{"start":{"line":61,"column":42},"end":{"line":71,"column":1}},"line":61},"4":{"name":"(anonymous_4)","decl":{"start":{"line":74,"column":22},"end":{"line":74,"column":23}},"loc":{"start":{"line":74,"column":42},"end":{"line":96,"column":1}},"line":74},"5":{"name":"(anonymous_5)","decl":{"start":{"line":99,"column":21},"end":{"line":99,"column":22}},"loc":{"start":{"line":99,"column":41},"end":{"line":153,"column":1}},"line":99},"6":{"name":"(anonymous_6)","decl":{"start":{"line":157,"column":21},"end":{"line":157,"column":22}},"loc":{"start":{"line":157,"column":41},"end":{"line":192,"column":1}},"line":157}},"branchMap":{"0":{"loc":{"start":{"line":11,"column":4},"end":{"line":13,"column":5}},"type":"if","locations":[{"start":{"line":11,"column":4},"end":{"line":13,"column":5}},{"start":{},"end":{}}],"line":11},"1":{"loc":{"start":{"line":15,"column":8},"end":{"line":18,"column":9}},"type":"if","locations":[{"start":{"line":15,"column":8},"end":{"line":18,"column":9}},{"start":{},"end":{}}],"line":15},"2":{"loc":{"start":{"line":28,"column":4},"end":{"line":30,"column":5}},"type":"if","locations":[{"start":{"line":28,"column":4},"end":{"line":30,"column":5}},{"start":{},"end":{}}],"line":28},"3":{"loc":{"start":{"line":28,"column":8},"end":{"line":28,"column":36}},"type":"binary-expr","locations":[{"start":{"line":28,"column":8},"end":{"line":28,"column":13}},{"start":{"line":28,"column":17},"end":{"line":28,"column":23}},{"start":{"line":28,"column":27},"end":{"line":28,"column":36}}],"line":28},"4":{"loc":{"start":{"line":37,"column":8},"end":{"line":39,"column":9}},"type":"if","locations":[{"start":{"line":37,"column":8},"end":{"line":39,"column":9}},{"start":{},"end":{}}],"line":37},"5":{"loc":{"start":{"line":77,"column":4},"end":{"line":79,"column":5}},"type":"if","locations":[{"start":{"line":77,"column":4},"end":{"line":79,"column":5}},{"start":{},"end":{}}],"line":77},"6":{"loc":{"start":{"line":77,"column":8},"end":{"line":77,"column":44}},"type":"binary-expr","locations":[{"start":{"line":77,"column":8},"end":{"line":77,"column":21}},{"start":{"line":77,"column":25},"end":{"line":77,"column":44}}],"line":77},"7":{"loc":{"start":{"line":87,"column":8},"end":{"line":89,"column":9}},"type":"if","locations":[{"start":{"line":87,"column":8},"end":{"line":89,"column":9}},{"start":{},"end":{}}],"line":87},"8":{"loc":{"start":{"line":102,"column":4},"end":{"line":104,"column":5}},"type":"if","locations":[{"start":{"line":102,"column":4},"end":{"line":104,"column":5}},{"start":{},"end":{}}],"line":102},"9":{"loc":{"start":{"line":102,"column":8},"end":{"line":102,"column":44}},"type":"binary-expr","locations":[{"start":{"line":102,"column":8},"end":{"line":102,"column":21}},{"start":{"line":102,"column":25},"end":{"line":102,"column":44}}],"line":102},"10":{"loc":{"start":{"line":108,"column":4},"end":{"line":110,"column":5}},"type":"if","locations":[{"start":{"line":108,"column":4},"end":{"line":110,"column":5}},{"start":{},"end":{}}],"line":108},"11":{"loc":{"start":{"line":108,"column":8},"end":{"line":108,"column":23}},"type":"binary-expr","locations":[{"start":{"line":108,"column":8},"end":{"line":108,"column":13}},{"start":{"line":108,"column":17},"end":{"line":108,"column":23}}],"line":108},"12":{"loc":{"start":{"line":118,"column":8},"end":{"line":120,"column":9}},"type":"if","locations":[{"start":{"line":118,"column":8},"end":{"line":120,"column":9}},{"start":{},"end":{}}],"line":118},"13":{"loc":{"start":{"line":127,"column":8},"end":{"line":133,"column":9}},"type":"if","locations":[{"start":{"line":127,"column":8},"end":{"line":133,"column":9}},{"start":{},"end":{}}],"line":127},"14":{"loc":{"start":{"line":130,"column":25},"end":{"line":130,"column":70}},"type":"cond-expr","locations":[{"start":{"line":130,"column":40},"end":{"line":130,"column":43}},{"start":{"line":130,"column":46},"end":{"line":130,"column":70}}],"line":130},"15":{"loc":{"start":{"line":135,"column":8},"end":{"line":137,"column":9}},"type":"if","locations":[{"start":{"line":135,"column":8},"end":{"line":137,"column":9}},{"start":{},"end":{}}],"line":135},"16":{"loc":{"start":{"line":148,"column":8},"end":{"line":150,"column":9}},"type":"if","locations":[{"start":{"line":148,"column":8},"end":{"line":150,"column":9}},{"start":{},"end":{}}],"line":148},"17":{"loc":{"start":{"line":160,"column":4},"end":{"line":162,"column":5}},"type":"if","locations":[{"start":{"line":160,"column":4},"end":{"line":162,"column":5}},{"start":{},"end":{}}],"line":160},"18":{"loc":{"start":{"line":170,"column":8},"end":{"line":172,"column":9}},"type":"if","locations":[{"start":{"line":170,"column":8},"end":{"line":172,"column":9}},{"start":{},"end":{}}],"line":170},"19":{"loc":{"start":{"line":174,"column":8},"end":{"line":178,"column":9}},"type":"if","locations":[{"start":{"line":174,"column":8},"end":{"line":178,"column":9}},{"start":{},"end":{}}],"line":174},"20":{"loc":{"start":{"line":187,"column":8},"end":{"line":189,"column":9}},"type":"if","locations":[{"start":{"line":187,"column":8},"end":{"line":189,"column":9}},{"start":{},"end":{}}],"line":187}},"s":{"0":1,"1":1,"2":1,"3":1,"4":1,"5":1,"6":0,"7":0,"8":0,"9":0,"10":0,"11":0,"12":0,"13":0,"14":1,"15":4,"16":4,"17":1,"18":3,"19":3,"20":3,"21":2,"22":1,"23":1,"24":1,"25":0,"26":0,"27":1,"28":1,"29":1,"30":1,"31":0,"32":0,"33":1,"34":3,"35":3,"36":1,"37":2,"38":2,"39":2,"40":1,"41":1,"42":0,"43":0,"44":1,"45":3,"46":3,"47":1,"48":2,"49":2,"50":0,"51":2,"52":2,"53":2,"54":1,"55":1,"56":1,"57":0,"58":1,"59":0,"60":1,"61":1,"62":0,"63":0,"64":0,"65":0,"66":1,"67":3,"68":3,"69":1,"70":2,"71":2,"72":2,"73":1,"74":1,"75":0,"76":1,"77":1,"78":0,"79":0,"80":0,"81":0},"f":{"0":0,"1":0,"2":4,"3":1,"4":3,"5":3,"6":3},"b":{"0":[0,0],"1":[0,0],"2":[1,3],"3":[4,3,3],"4":[2,1],"5":[1,2],"6":[3,2],"7":[1,1],"8":[1,2],"9":[3,2],"10":[0,2],"11":[2,2],"12":[1,1],"13":[0,1],"14":[0,0],"15":[0,1],"16":[0,0],"17":[1,2],"18":[1,1],"19":[0,1],"20":[0,0]},"_coverageSchema":"1a1c01bbd47fc00a2c39e90264f33305004495a9","hash":"f3c76827a0e39b14f785fea8431384f3bd52097e"}
,"D:\\Project Binar\\BINAR - SIB\\Challenge5\\docs\\swagger.js": {"path":"D:\\Project Binar\\BINAR - SIB\\Challenge5\\docs\\swagger.js","statementMap":{"0":{"start":{"line":1,"column":21},"end":{"line":1,"column":45}},"1":{"start":{"line":2,"column":18},"end":{"line":2,"column":47}},"2":{"start":{"line":4,"column":23},"end":{"line":26,"column":1}},"3":{"start":{"line":28,"column":20},"end":{"line":28,"column":48}},"4":{"start":{"line":30,"column":0},"end":{"line":30,"column":44}}},"fnMap":{},"branchMap":{},"s":{"0":1,"1":1,"2":1,"3":1,"4":1},"f":{},"b":{},"_coverageSchema":"1a1c01bbd47fc00a2c39e90264f33305004495a9","hash":"85e5d98948490fea6d9214c521c4ee35794aeae9"}
,"D:\\Project Binar\\BINAR - SIB\\Challenge5\\middleware\\restrict.js": {"path":"D:\\Project Binar\\BINAR - SIB\\Challenge5\\middleware\\restrict.js","statementMap":{"0":{"start":{"line":1,"column":12},"end":{"line":1,"column":35}},"1":{"start":{"line":2,"column":25},"end":{"line":2,"column":50}},"2":{"start":{"line":3,"column":15},"end":{"line":3,"column":33}},"3":{"start":{"line":4,"column":19},"end":{"line":4,"column":41}},"4":{"start":{"line":6,"column":17},"end":{"line":33,"column":1}},"5":{"start":{"line":7,"column":23},"end":{"line":7,"column":51}},"6":{"start":{"line":9,"column":4},"end":{"line":11,"column":5}},"7":{"start":{"line":10,"column":8},"end":{"line":10,"column":65}},"8":{"start":{"line":13,"column":18},"end":{"line":13,"column":42}},"9":{"start":{"line":15,"column":4},"end":{"line":17,"column":5}},"10":{"start":{"line":16,"column":8},"end":{"line":16,"column":74}},"11":{"start":{"line":19,"column":4},"end":{"line":32,"column":5}},"12":{"start":{"line":20,"column":24},"end":{"line":20,"column":65}},"13":{"start":{"line":21,"column":21},"end":{"line":21,"column":80}},"14":{"start":{"line":23,"column":8},"end":{"line":25,"column":9}},"15":{"start":{"line":24,"column":12},"end":{"line":24,"column":81}},"16":{"start":{"line":27,"column":8},"end":{"line":27,"column":24}},"17":{"start":{"line":28,"column":8},"end":{"line":28,"column":15}},"18":{"start":{"line":30,"column":8},"end":{"line":30,"column":56}},"19":{"start":{"line":31,"column":8},"end":{"line":31,"column":70}},"20":{"start":{"line":35,"column":0},"end":{"line":35,"column":26}}},"fnMap":{"0":{"name":"(anonymous_0)","decl":{"start":{"line":6,"column":17},"end":{"line":6,"column":18}},"loc":{"start":{"line":6,"column":43},"end":{"line":33,"column":1}},"line":6}},"branchMap":{"0":{"loc":{"start":{"line":9,"column":4},"end":{"line":11,"column":5}},"type":"if","locations":[{"start":{"line":9,"column":4},"end":{"line":11,"column":5}},{"start":{},"end":{}}],"line":9},"1":{"loc":{"start":{"line":9,"column":8},"end":{"line":9,"column":56}},"type":"binary-expr","locations":[{"start":{"line":9,"column":8},"end":{"line":9,"column":19}},{"start":{"line":9,"column":23},"end":{"line":9,"column":56}}],"line":9},"2":{"loc":{"start":{"line":15,"column":4},"end":{"line":17,"column":5}},"type":"if","locations":[{"start":{"line":15,"column":4},"end":{"line":17,"column":5}},{"start":{},"end":{}}],"line":15},"3":{"loc":{"start":{"line":23,"column":8},"end":{"line":25,"column":9}},"type":"if","locations":[{"start":{"line":23,"column":8},"end":{"line":25,"column":9}},{"start":{},"end":{}}],"line":23}},"s":{"0":1,"1":1,"2":1,"3":1,"4":1,"5":0,"6":0,"7":0,"8":0,"9":0,"10":0,"11":0,"12":0,"13":0,"14":0,"15":0,"16":0,"17":0,"18":0,"19":0,"20":1},"f":{"0":0},"b":{"0":[0,0],"1":[0,0],"2":[0,0],"3":[0,0]},"_coverageSchema":"1a1c01bbd47fc00a2c39e90264f33305004495a9","hash":"9c65debdb8a70c5eb748e92359acbf6e3a7a7f0b"}
,"D:\\Project Binar\\BINAR - SIB\\Challenge5\\routes\\accountRoutes.js": {"path":"D:\\Project Binar\\BINAR - SIB\\Challenge5\\routes\\accountRoutes.js","statementMap":{"0":{"start":{"line":1,"column":16},"end":{"line":1,"column":34}},"1":{"start":{"line":8,"column":4},"end":{"line":8,"column":47}},"2":{"start":{"line":10,"column":15},"end":{"line":10,"column":31}},"3":{"start":{"line":51,"column":0},"end":{"line":51,"column":40}},"4":{"start":{"line":80,"column":0},"end":{"line":80,"column":40}},"5":{"start":{"line":131,"column":0},"end":{"line":131,"column":44}},"6":{"start":{"line":172,"column":0},"end":{"line":172,"column":43}},"7":{"start":{"line":197,"column":0},"end":{"line":197,"column":46}},"8":{"start":{"line":199,"column":0},"end":{"line":199,"column":24}}},"fnMap":{},"branchMap":{},"s":{"0":1,"1":1,"2":1,"3":1,"4":1,"5":1,"6":1,"7":1,"8":1},"f":{},"b":{},"_coverageSchema":"1a1c01bbd47fc00a2c39e90264f33305004495a9","hash":"c6bd18a29e3b840bf3da9ab5ddc0ec00b8fbbdb2"}
,"D:\\Project Binar\\BINAR - SIB\\Challenge5\\routes\\authRoutes.js": {"path":"D:\\Project Binar\\BINAR - SIB\\Challenge5\\routes\\authRoutes.js","statementMap":{"0":{"start":{"line":1,"column":16},"end":{"line":1,"column":34}},"1":{"start":{"line":2,"column":15},"end":{"line":2,"column":31}},"2":{"start":{"line":3,"column":54},"end":{"line":3,"column":94}},"3":{"start":{"line":4,"column":17},"end":{"line":4,"column":50}},"4":{"start":{"line":90,"column":0},"end":{"line":90,"column":39}},"5":{"start":{"line":91,"column":0},"end":{"line":91,"column":33}},"6":{"start":{"line":92,"column":0},"end":{"line":92,"column":56}},"7":{"start":{"line":94,"column":0},"end":{"line":94,"column":24}}},"fnMap":{},"branchMap":{},"s":{"0":1,"1":1,"2":1,"3":1,"4":1,"5":1,"6":1,"7":1},"f":{},"b":{},"_coverageSchema":"1a1c01bbd47fc00a2c39e90264f33305004495a9","hash":"b0498f17735328fa28a867c80380040b5709f9c3"}
,"D:\\Project Binar\\BINAR - SIB\\Challenge5\\routes\\transactionRoutes.js": {"path":"D:\\Project Binar\\BINAR - SIB\\Challenge5\\routes\\transactionRoutes.js","statementMap":{"0":{"start":{"line":1,"column":16},"end":{"line":1,"column":34}},"1":{"start":{"line":6,"column":4},"end":{"line":6,"column":51}},"2":{"start":{"line":8,"column":15},"end":{"line":8,"column":31}},"3":{"start":{"line":52,"column":0},"end":{"line":52,"column":48}},"4":{"start":{"line":94,"column":0},"end":{"line":94,"column":48}},"5":{"start":{"line":149,"column":0},"end":{"line":149,"column":63}},"6":{"start":{"line":151,"column":0},"end":{"line":151,"column":24}}},"fnMap":{},"branchMap":{},"s":{"0":1,"1":1,"2":1,"3":1,"4":1,"5":1,"6":1},"f":{},"b":{},"_coverageSchema":"1a1c01bbd47fc00a2c39e90264f33305004495a9","hash":"7f5adcb259fee92b92b8cb63d0ac96cb8157f23a"}
,"D:\\Project Binar\\BINAR - SIB\\Challenge5\\routes\\userRoutes.js": {"path":"D:\\Project Binar\\BINAR - SIB\\Challenge5\\routes\\userRoutes.js","statementMap":{"0":{"start":{"line":1,"column":16},"end":{"line":1,"column":34}},"1":{"start":{"line":9,"column":4},"end":{"line":9,"column":44}},"2":{"start":{"line":11,"column":15},"end":{"line":11,"column":31}},"3":{"start":{"line":53,"column":0},"end":{"line":53,"column":34}},"4":{"start":{"line":85,"column":0},"end":{"line":85,"column":34}},"5":{"start":{"line":126,"column":0},"end":{"line":126,"column":42}},"6":{"start":{"line":170,"column":0},"end":{"line":170,"column":41}},"7":{"start":{"line":193,"column":0},"end":{"line":193,"column":44}},"8":{"start":{"line":194,"column":0},"end":{"line":194,"column":43}},"9":{"start":{"line":197,"column":0},"end":{"line":197,"column":24}}},"fnMap":{},"branchMap":{},"s":{"0":1,"1":1,"2":1,"3":1,"4":1,"5":1,"6":1,"7":1,"8":1,"9":1},"f":{},"b":{},"_coverageSchema":"1a1c01bbd47fc00a2c39e90264f33305004495a9","hash":"4e8216b2fe979227f0562b5f8ab03d6f7c44395e"}
}
