TN:
SF:app.js
FN:20,(anonymous_0)
FNF:1
FNH:0
FNDA:0,(anonymous_0)
DA:1,1
DA:2,1
DA:3,1
DA:4,1
DA:5,1
DA:6,1
DA:7,1
DA:8,1
DA:9,1
DA:11,1
DA:12,1
DA:14,1
DA:15,1
DA:16,1
DA:17,1
DA:18,1
DA:20,1
DA:21,0
DA:22,0
DA:25,1
LF:20
LH:18
BRF:0
BRH:0
end_of_record
TN:
SF:controllers\accountController.js
FN:5,(anonymous_0)
FN:35,(anonymous_1)
FN:45,(anonymous_2)
FN:73,(anonymous_3)
FN:116,(anonymous_4)
FNF:5
FNH:5
FNDA:3,(anonymous_0)
FNDA:1,(anonymous_1)
FNDA:3,(anonymous_2)
FNDA:3,(anonymous_3)
FNDA:2,(anonymous_4)
DA:1,1
DA:2,1
DA:5,1
DA:6,3
DA:8,3
DA:9,1
DA:12,2
DA:13,2
DA:14,2
DA:15,1
DA:18,1
DA:27,1
DA:29,0
DA:35,1
DA:36,1
DA:37,1
DA:38,1
DA:40,0
DA:45,1
DA:46,3
DA:48,3
DA:49,1
DA:52,2
DA:53,2
DA:62,2
DA:63,1
DA:66,1
DA:68,0
DA:73,1
DA:74,3
DA:75,3
DA:77,3
DA:78,0
DA:81,3
DA:82,3
DA:86,3
DA:87,1
DA:90,2
DA:94,2
DA:95,1
DA:98,1
DA:109,1
DA:111,0
DA:116,1
DA:117,2
DA:119,2
DA:120,0
DA:123,2
DA:124,2
DA:132,2
DA:133,1
DA:136,1
DA:142,1
DA:148,1
DA:152,1
DA:154,0
LF:56
LH:49
BRDA:8,0,0,1
BRDA:8,0,1,2
BRDA:8,1,0,3
BRDA:8,1,1,2
BRDA:8,1,2,2
BRDA:14,2,0,1
BRDA:14,2,1,1
BRDA:48,3,0,1
BRDA:48,3,1,2
BRDA:62,4,0,1
BRDA:62,4,1,1
BRDA:77,5,0,0
BRDA:77,5,1,3
BRDA:86,6,0,1
BRDA:86,6,1,2
BRDA:94,7,0,1
BRDA:94,7,1,1
BRDA:119,8,0,0
BRDA:119,8,1,2
BRDA:132,9,0,1
BRDA:132,9,1,1
BRF:21
BRH:19
end_of_record
TN:
SF:controllers\authController.js
FN:8,(anonymous_0)
FN:41,(anonymous_1)
FN:68,(anonymous_2)
FNF:3
FNH:0
FNDA:0,(anonymous_0)
FNDA:0,(anonymous_1)
FNDA:0,(anonymous_2)
DA:1,1
DA:2,1
DA:3,1
DA:4,1
DA:5,1
DA:8,1
DA:9,0
DA:10,0
DA:12,0
DA:13,0
DA:16,0
DA:17,0
DA:18,0
DA:19,0
DA:20,0
DA:23,0
DA:25,0
DA:33,0
DA:34,0
DA:36,0
DA:37,0
DA:41,1
DA:42,0
DA:43,0
DA:45,0
DA:46,0
DA:48,0
DA:49,0
DA:50,0
DA:53,0
DA:54,0
DA:55,0
DA:56,0
DA:59,0
DA:60,0
DA:61,0
DA:63,0
DA:64,0
DA:68,1
DA:69,0
DA:70,0
DA:71,0
DA:73,0
DA:77,1
LF:44
LH:9
BRDA:12,0,0,0
BRDA:12,0,1,0
BRDA:12,1,0,0
BRDA:12,1,1,0
BRDA:12,1,2,0
BRDA:18,2,0,0
BRDA:18,2,1,0
BRDA:48,3,0,0
BRDA:48,3,1,0
BRDA:54,4,0,0
BRDA:54,4,1,0
BRDA:69,5,0,0
BRDA:69,5,1,0
BRF:13
BRH:0
end_of_record
TN:
SF:controllers\transactionController.js
FN:5,(anonymous_0)
FN:59,(anonymous_1)
FN:72,(anonymous_2)
FNF:3
FNH:3
FNDA:4,(anonymous_0)
FNDA:1,(anonymous_1)
FNDA:3,(anonymous_2)
DA:1,1
DA:2,1
DA:5,1
DA:6,4
DA:8,4
DA:9,4
DA:13,4
DA:17,4
DA:18,1
DA:21,3
DA:22,1
DA:25,2
DA:26,1
DA:29,1
DA:30,0
DA:33,1
DA:41,1
DA:46,1
DA:51,1
DA:53,0
DA:54,0
DA:59,1
DA:60,1
DA:61,1
DA:64,1
DA:66,0
DA:67,0
DA:72,1
DA:73,3
DA:75,3
DA:76,1
DA:79,2
DA:80,2
DA:100,2
DA:101,1
DA:104,1
DA:120,1
DA:122,0
DA:123,0
LF:39
LH:32
BRDA:17,0,0,1
BRDA:17,0,1,3
BRDA:21,1,0,1
BRDA:21,1,1,2
BRDA:25,2,0,1
BRDA:25,2,1,1
BRDA:29,3,0,0
BRDA:29,3,1,1
BRDA:75,4,0,1
BRDA:75,4,1,2
BRDA:100,5,0,1
BRDA:100,5,1,1
BRF:12
BRH:11
end_of_record
TN:
SF:controllers\userController.js
FN:8,(anonymous_0)
FN:14,(anonymous_1)
FN:25,(anonymous_2)
FN:61,(anonymous_3)
FN:74,(anonymous_4)
FN:99,(anonymous_5)
FN:157,(anonymous_6)
FNF:7
FNH:5
FNDA:0,(anonymous_0)
FNDA:0,(anonymous_1)
FNDA:4,(anonymous_2)
FNDA:1,(anonymous_3)
FNDA:3,(anonymous_4)
FNDA:3,(anonymous_5)
FNDA:3,(anonymous_6)
DA:1,1
DA:2,1
DA:3,1
DA:4,1
DA:5,1
DA:8,1
DA:9,0
DA:11,0
DA:12,0
DA:14,0
DA:15,0
DA:16,0
DA:17,0
DA:20,0
DA:25,1
DA:26,4
DA:28,4
DA:29,1
DA:32,3
DA:33,3
DA:37,3
DA:38,2
DA:41,1
DA:43,1
DA:53,1
DA:55,0
DA:56,0
DA:61,1
DA:62,1
DA:63,1
DA:66,1
DA:68,0
DA:69,0
DA:74,1
DA:75,3
DA:77,3
DA:78,1
DA:81,2
DA:82,2
DA:87,2
DA:88,1
DA:91,1
DA:93,0
DA:94,0
DA:99,1
DA:100,3
DA:102,3
DA:103,1
DA:106,2
DA:108,2
DA:109,0
DA:112,2
DA:113,2
DA:118,2
DA:119,1
DA:122,1
DA:127,1
DA:128,0
DA:135,1
DA:136,0
DA:139,1
DA:145,1
DA:147,0
DA:148,0
DA:149,0
DA:151,0
DA:157,1
DA:158,3
DA:160,3
DA:161,1
DA:164,2
DA:165,2
DA:170,2
DA:171,1
DA:174,1
DA:175,0
DA:180,1
DA:184,1
DA:186,0
DA:187,0
DA:188,0
DA:190,0
LF:82
LH:56
BRDA:11,0,0,0
BRDA:11,0,1,0
BRDA:15,1,0,0
BRDA:15,1,1,0
BRDA:28,2,0,1
BRDA:28,2,1,3
BRDA:28,3,0,4
BRDA:28,3,1,3
BRDA:28,3,2,3
BRDA:37,4,0,2
BRDA:37,4,1,1
BRDA:77,5,0,1
BRDA:77,5,1,2
BRDA:77,6,0,3
BRDA:77,6,1,2
BRDA:87,7,0,1
BRDA:87,7,1,1
BRDA:102,8,0,1
BRDA:102,8,1,2
BRDA:102,9,0,3
BRDA:102,9,1,2
BRDA:108,10,0,0
BRDA:108,10,1,2
BRDA:108,11,0,2
BRDA:108,11,1,2
BRDA:118,12,0,1
BRDA:118,12,1,1
BRDA:127,13,0,0
BRDA:127,13,1,1
BRDA:130,14,0,0
BRDA:130,14,1,0
BRDA:135,15,0,0
BRDA:135,15,1,1
BRDA:148,16,0,0
BRDA:148,16,1,0
BRDA:160,17,0,1
BRDA:160,17,1,2
BRDA:170,18,0,1
BRDA:170,18,1,1
BRDA:174,19,0,0
BRDA:174,19,1,1
BRDA:187,20,0,0
BRDA:187,20,1,0
BRF:43
BRH:29
end_of_record
TN:
SF:docs\swagger.js
FNF:0
FNH:0
DA:1,1
DA:2,1
DA:4,1
DA:28,1
DA:30,1
LF:5
LH:5
BRF:0
BRH:0
end_of_record
TN:
SF:middleware\restrict.js
FN:6,(anonymous_0)
FNF:1
FNH:0
FNDA:0,(anonymous_0)
DA:1,1
DA:2,1
DA:3,1
DA:4,1
DA:6,1
DA:7,0
DA:9,0
DA:10,0
DA:13,0
DA:15,0
DA:16,0
DA:19,0
DA:20,0
DA:21,0
DA:23,0
DA:24,0
DA:27,0
DA:28,0
DA:30,0
DA:31,0
DA:35,1
LF:21
LH:6
BRDA:9,0,0,0
BRDA:9,0,1,0
BRDA:9,1,0,0
BRDA:9,1,1,0
BRDA:15,2,0,0
BRDA:15,2,1,0
BRDA:23,3,0,0
BRDA:23,3,1,0
BRF:8
BRH:0
end_of_record
TN:
SF:routes\accountRoutes.js
FNF:0
FNH:0
DA:1,1
DA:8,1
DA:10,1
DA:51,1
DA:80,1
DA:131,1
DA:172,1
DA:197,1
DA:199,1
LF:9
LH:9
BRF:0
BRH:0
end_of_record
TN:
SF:routes\authRoutes.js
FNF:0
FNH:0
DA:1,1
DA:2,1
DA:3,1
DA:4,1
DA:90,1
DA:91,1
DA:92,1
DA:94,1
LF:8
LH:8
BRF:0
BRH:0
end_of_record
TN:
SF:routes\transactionRoutes.js
FNF:0
FNH:0
DA:1,1
DA:6,1
DA:8,1
DA:52,1
DA:94,1
DA:149,1
DA:151,1
LF:7
LH:7
BRF:0
BRH:0
end_of_record
TN:
SF:routes\userRoutes.js
FNF:0
FNH:0
DA:1,1
DA:9,1
DA:11,1
DA:53,1
DA:85,1
DA:126,1
DA:170,1
DA:193,1
DA:194,1
DA:197,1
LF:10
LH:10
BRF:0
BRH:0
end_of_record
